...
... TestNG 6.8.2beta_20130330_0839 by Cédric Beust (cedric@beust.com)
...

[TestNG] Running:
  C:\Users\susheel.thakur\workspace\JB_Automation\TestNG.xml

log4j:WARN No appenders could be found for logger (org.apache.http.client.protocol.RequestAddCookies).
log4j:WARN Please initialize the log4j system properly.
log4j:WARN See http://logging.apache.org/log4j/1.2/faq.html#noconfig for more info.
before title isMake Intelligent Career Decisions - JobBuzz
in method58
GOING TO UPDATE EXCEL
Excel Written
DRIVER CLOSING COMMAND
GOING TO UPDATE EXCEL
Excel Written
SA Clicked
StepAhead Premium Career Services | Resume Writing Services | Resume Distribution Services | Profile Verification | Career Astrology
GOING TO UPDATE EXCEL
Excel Written
DRIVER CLOSING COMMAND
PASSED: header_TJ_Click(5, 8)
PASSED: header_JB_click(6, 8)
FAILED: header_SA_click(7, 8)
java.lang.AssertionError: expected [Make Intelligent Career Decisions - JobBuzz] but found [StepAhead Premium Career Services | Resume Writing Services | Resume Distribution Services | Profile Verification | Career Astrology]
	at org.testng.Assert.fail(Assert.java:94)
	at org.testng.Assert.failNotEquals(Assert.java:494)
	at org.testng.Assert.assertEquals(Assert.java:123)
	at org.testng.Assert.assertEquals(Assert.java:176)
	at org.testng.Assert.assertEquals(Assert.java:186)
	at testcase.Unregistered_User.header_SA_click(Unregistered_User.java:48)
	at sun.reflect.NativeMethodAccessorImpl.invoke0(Native Method)
	at sun.reflect.NativeMethodAccessorImpl.invoke(Unknown Source)
	at sun.reflect.DelegatingMethodAccessorImpl.invoke(Unknown Source)
	at java.lang.reflect.Method.invoke(Unknown Source)
	at org.testng.internal.MethodInvocationHelper.invokeMethod(MethodInvocationHelper.java:84)
	at org.testng.internal.Invoker.invokeMethod(Invoker.java:714)
	at org.testng.internal.Invoker.invokeTestMethod(Invoker.java:901)
	at org.testng.internal.Invoker.invokeTestMethods(Invoker.java:1231)
	at org.testng.internal.TestMethodWorker.invokeTestMethods(TestMethodWorker.java:127)
	at org.testng.internal.TestMethodWorker.run(TestMethodWorker.java:111)
	at org.testng.TestRunner.privateRun(TestRunner.java:767)
	at org.testng.TestRunner.run(TestRunner.java:617)
	at org.testng.SuiteRunner.runTest(SuiteRunner.java:334)
	at org.testng.SuiteRunner.runSequentially(SuiteRunner.java:329)
	at org.testng.SuiteRunner.privateRun(SuiteRunner.java:291)
	at org.testng.SuiteRunner.run(SuiteRunner.java:240)
	at org.testng.SuiteRunnerWorker.runSuite(SuiteRunnerWorker.java:52)
	at org.testng.SuiteRunnerWorker.run(SuiteRunnerWorker.java:86)
	at org.testng.TestNG.runSuitesSequentially(TestNG.java:1224)
	at org.testng.TestNG.runSuitesLocally(TestNG.java:1149)
	at org.testng.TestNG.run(TestNG.java:1057)
	at org.testng.remote.RemoteTestNG.run(RemoteTestNG.java:111)
	at org.testng.remote.RemoteTestNG.initAndRun(RemoteTestNG.java:204)
	at org.testng.remote.RemoteTestNG.main(RemoteTestNG.java:175)


===============================================
    Firefox Result
    Tests run: 3, Failures: 1, Skips: 0
===============================================


===============================================
JB Automation
Total tests run: 3, Failures: 1, Skips: 0
===============================================

[TestNG] Time taken by org.testng.reporters.jq.Main@5fe5c6f: 42 ms
[TestNG] Time taken by org.testng.reporters.JUnitReportReporter@1c53fd30: 13 ms
[TestNG] Time taken by org.testng.reporters.SuiteHTMLReporter@6f79caec: 77 ms
[TestNG] Time taken by [FailedReporter passed=0 failed=0 skipped=0]: 6 ms
[TestNG] Time taken by org.testng.reporters.XMLReporter@22a71081: 11 ms
[TestNG] Time taken by org.uncommons.reportng.HTMLReporter@2d6d8735: 124 ms
[TestNG] Time taken by org.testng.reporters.EmailableReporter2@c39f790: 8 ms
