<?xml version="1.0" encoding="UTF-8"?>
<testng-results skipped="0" failed="1" total="3" passed="2">
  <reporter-output>
  </reporter-output>
  <suite name="JB Automation" duration-ms="34180" started-at="2015-06-18T06:32:27Z" finished-at="2015-06-18T06:33:02Z">
    <groups>
    </groups>
    <test name="Firefox Result" duration-ms="34180" started-at="2015-06-18T06:32:27Z" finished-at="2015-06-18T06:33:02Z">
      <class name="testcase.Unregistered_User">
        <test-method status="PASS" signature="openBrowser(java.lang.String, java.lang.String)[pri:0, instance:testcase.Unregistered_User@2ef9b8bc]" name="openBrowser" is-config="true" duration-ms="14185" started-at="2015-06-18T12:02:27Z" finished-at="2015-06-18T12:02:42Z">
          <params>
            <param index="0">
              <value>
                <![CDATA[FIREFOX]]>
              </value>
            </param>
            <param index="1">
              <value>
                <![CDATA[http://jobbuzz.timesjobs.com/]]>
              </value>
            </param>
          </params>
          <reporter-output>
          </reporter-output>
        </test-method> <!-- openBrowser -->
        <test-method status="PASS" signature="header_TJ_Click(int, int)[pri:0, instance:testcase.Unregistered_User@2ef9b8bc]" name="header_TJ_Click" duration-ms="4111" started-at="2015-06-18T12:02:42Z" data-provider="h_tj" finished-at="2015-06-18T12:02:46Z">
          <params>
            <param index="0">
              <value>
                <![CDATA[5]]>
              </value>
            </param>
            <param index="1">
              <value>
                <![CDATA[8]]>
              </value>
            </param>
          </params>
          <reporter-output>
          </reporter-output>
        </test-method> <!-- header_TJ_Click -->
        <test-method status="PASS" signature="closeWindow(org.testng.ITestResult)[pri:0, instance:testcase.Unregistered_User@2ef9b8bc]" name="closeWindow" is-config="true" duration-ms="417" started-at="2015-06-18T12:02:47Z" finished-at="2015-06-18T12:02:47Z">
          <params>
            <param index="0">
              <value>
                <![CDATA[[TestResult name=header_TJ_Click status=SUCCESS method=Unregistered_User.header_TJ_Click(int, int)[pri:0, instance:testcase.Unregistered_User@2ef9b8bc] output={null}]]]>
              </value>
            </param>
          </params>
          <reporter-output>
          </reporter-output>
        </test-method> <!-- closeWindow -->
        <test-method status="PASS" signature="header_JB_click(int, int)[pri:0, instance:testcase.Unregistered_User@2ef9b8bc]" name="header_JB_click" duration-ms="1822" started-at="2015-06-18T12:02:47Z" data-provider="h_jb" finished-at="2015-06-18T12:02:49Z">
          <params>
            <param index="0">
              <value>
                <![CDATA[6]]>
              </value>
            </param>
            <param index="1">
              <value>
                <![CDATA[8]]>
              </value>
            </param>
          </params>
          <reporter-output>
          </reporter-output>
        </test-method> <!-- header_JB_click -->
        <test-method status="PASS" signature="closeWindow(org.testng.ITestResult)[pri:0, instance:testcase.Unregistered_User@2ef9b8bc]" name="closeWindow" is-config="true" duration-ms="0" started-at="2015-06-18T12:02:49Z" finished-at="2015-06-18T12:02:49Z">
          <params>
            <param index="0">
              <value>
                <![CDATA[[TestResult name=header_JB_click status=SUCCESS method=Unregistered_User.header_JB_click(int, int)[pri:0, instance:testcase.Unregistered_User@2ef9b8bc] output={null}]]]>
              </value>
            </param>
          </params>
          <reporter-output>
          </reporter-output>
        </test-method> <!-- closeWindow -->
        <test-method status="FAIL" signature="header_SA_click(int, int)[pri:0, instance:testcase.Unregistered_User@2ef9b8bc]" name="header_SA_click" duration-ms="11564" started-at="2015-06-18T12:02:50Z" data-provider="h_sa" finished-at="2015-06-18T12:03:01Z">
          <params>
            <param index="0">
              <value>
                <![CDATA[7]]>
              </value>
            </param>
            <param index="1">
              <value>
                <![CDATA[8]]>
              </value>
            </param>
          </params>
          <exception class="java.lang.AssertionError">
            <message>
              <![CDATA[expected [Make Intelligent Career Decisions - JobBuzz] but found [StepAhead Premium Career Services | Resume Writing Services | Resume Distribution Services | Profile Verification | Career Astrology]]]>
            </message>
            <full-stacktrace>
              <![CDATA[java.lang.AssertionError: expected [Make Intelligent Career Decisions - JobBuzz] but found [StepAhead Premium Career Services | Resume Writing Services | Resume Distribution Services | Profile Verification | Career Astrology]
	at org.testng.Assert.fail(Assert.java:94)
	at org.testng.Assert.failNotEquals(Assert.java:494)
	at org.testng.Assert.assertEquals(Assert.java:123)
	at org.testng.Assert.assertEquals(Assert.java:176)
	at org.testng.Assert.assertEquals(Assert.java:186)
	at testcase.Unregistered_User.header_SA_click(Unregistered_User.java:48)
	at sun.reflect.NativeMethodAccessorImpl.invoke0(Native Method)
	at sun.reflect.NativeMethodAccessorImpl.invoke(Unknown Source)
	at sun.reflect.DelegatingMethodAccessorImpl.invoke(Unknown Source)
	at java.lang.reflect.Method.invoke(Unknown Source)
	at org.testng.internal.MethodInvocationHelper.invokeMethod(MethodInvocationHelper.java:84)
	at org.testng.internal.Invoker.invokeMethod(Invoker.java:714)
	at org.testng.internal.Invoker.invokeTestMethod(Invoker.java:901)
	at org.testng.internal.Invoker.invokeTestMethods(Invoker.java:1231)
	at org.testng.internal.TestMethodWorker.invokeTestMethods(TestMethodWorker.java:127)
	at org.testng.internal.TestMethodWorker.run(TestMethodWorker.java:111)
	at org.testng.TestRunner.privateRun(TestRunner.java:767)
	at org.testng.TestRunner.run(TestRunner.java:617)
	at org.testng.SuiteRunner.runTest(SuiteRunner.java:334)
	at org.testng.SuiteRunner.runSequentially(SuiteRunner.java:329)
	at org.testng.SuiteRunner.privateRun(SuiteRunner.java:291)
	at org.testng.SuiteRunner.run(SuiteRunner.java:240)
	at org.testng.SuiteRunnerWorker.runSuite(SuiteRunnerWorker.java:52)
	at org.testng.SuiteRunnerWorker.run(SuiteRunnerWorker.java:86)
	at org.testng.TestNG.runSuitesSequentially(TestNG.java:1224)
	at org.testng.TestNG.runSuitesLocally(TestNG.java:1149)
	at org.testng.TestNG.run(TestNG.java:1057)
	at org.testng.remote.RemoteTestNG.run(RemoteTestNG.java:111)
	at org.testng.remote.RemoteTestNG.initAndRun(RemoteTestNG.java:204)
	at org.testng.remote.RemoteTestNG.main(RemoteTestNG.java:175)
]]>
            </full-stacktrace>
          </exception> <!-- java.lang.AssertionError -->
          <reporter-output>
          </reporter-output>
        </test-method> <!-- header_SA_click -->
        <test-method status="PASS" signature="closeWindow(org.testng.ITestResult)[pri:0, instance:testcase.Unregistered_User@2ef9b8bc]" name="closeWindow" is-config="true" duration-ms="276" started-at="2015-06-18T12:03:01Z" finished-at="2015-06-18T12:03:02Z">
          <params>
            <param index="0">
              <value>
                <![CDATA[[TestResult name=header_SA_click status=FAILURE method=Unregistered_User.header_SA_click(int, int)[pri:0, instance:testcase.Unregistered_User@2ef9b8bc] output={null}]]]>
              </value>
            </param>
          </params>
          <reporter-output>
          </reporter-output>
        </test-method> <!-- closeWindow -->
      </class> <!-- testcase.Unregistered_User -->
    </test> <!-- Firefox Result -->
  </suite> <!-- JB Automation -->
</testng-results>
